<?xml version="1.0" encoding="UTF-8"?>
<!-- Generated by org.testng.reporters.JUnitReportReporter -->
<testsuite hostname="Bibhus-MacBook-Air.local" failures="0" tests="2" name="com.salesforce.tests.LoginTest" time="11.589" errors="0" timestamp="2026-03-14T09:49:59 IST" skipped="0">
  <testcase classname="com.salesforce.tests.LoginTest" name="testValidLogin" time="8.628"/>
  <testcase classname="com.salesforce.tests.LoginTest" name="testInvalidLogin" time="2.961"/>
</testsuite> <!-- com.salesforce.tests.LoginTest -->
