<?xml version="1.0" encoding="UTF-8"?>
<testng-results ignored="0" total="2" passed="2" failed="0" skipped="0">
  <reporter-output>
  </reporter-output>
  <suite started-at="2026-03-14T09:49:47 IST" name="Salesforce Automation Suite" finished-at="2026-03-14T09:49:59 IST" duration-ms="11601">
    <groups>
    </groups>
    <test started-at="2026-03-14T09:49:47 IST" name="Login Tests" finished-at="2026-03-14T09:49:59 IST" duration-ms="11601">
      <class name="com.salesforce.tests.LoginTest">
        <test-method is-config="true" signature="setUp()[pri:0, instance:com.salesforce.tests.LoginTest@64cd705f]" started-at="2026-03-14T09:49:47 IST" name="setUp" finished-at="2026-03-14T09:49:55 IST" duration-ms="7718" status="PASS">
          <reporter-output>
          </reporter-output>
        </test-method> <!-- setUp -->
        <test-method signature="testValidLogin()[pri:1, instance:com.salesforce.tests.LoginTest@64cd705f]" started-at="2026-03-14T09:49:55 IST" name="testValidLogin" finished-at="2026-03-14T09:49:56 IST" duration-ms="825" status="PASS">
          <reporter-output>
          </reporter-output>
        </test-method> <!-- testValidLogin -->
        <test-method is-config="true" signature="tearDown()[pri:0, instance:com.salesforce.tests.LoginTest@64cd705f]" started-at="2026-03-14T09:49:56 IST" name="tearDown" finished-at="2026-03-14T09:49:56 IST" duration-ms="85" status="PASS">
          <reporter-output>
          </reporter-output>
        </test-method> <!-- tearDown -->
        <test-method is-config="true" signature="setUp()[pri:0, instance:com.salesforce.tests.LoginTest@64cd705f]" started-at="2026-03-14T09:49:56 IST" name="setUp" finished-at="2026-03-14T09:49:57 IST" duration-ms="1442" status="PASS">
          <reporter-output>
          </reporter-output>
        </test-method> <!-- setUp -->
        <test-method signature="testInvalidLogin()[pri:2, instance:com.salesforce.tests.LoginTest@64cd705f]" started-at="2026-03-14T09:49:57 IST" name="testInvalidLogin" finished-at="2026-03-14T09:49:59 IST" duration-ms="1435" status="PASS">
          <reporter-output>
          </reporter-output>
        </test-method> <!-- testInvalidLogin -->
        <test-method is-config="true" signature="tearDown()[pri:0, instance:com.salesforce.tests.LoginTest@64cd705f]" started-at="2026-03-14T09:49:59 IST" name="tearDown" finished-at="2026-03-14T09:49:59 IST" duration-ms="84" status="PASS">
          <reporter-output>
          </reporter-output>
        </test-method> <!-- tearDown -->
      </class> <!-- com.salesforce.tests.LoginTest -->
    </test> <!-- Login Tests -->
  </suite> <!-- Salesforce Automation Suite -->
</testng-results>
